<?xml version="1.0" encoding="UTF-8"?>
<!-- Generated by org.testng.reporters.JUnitReportReporter -->
<testsuite hostname="SARAS-CNB01" failures="0" tests="6" name="com.CucumberTest.runners.SalesforceRunner" time="83.342" errors="0" timestamp="2023-06-17T23:10:03 PDT" skipped="0">
  <testcase classname="com.CucumberTest.runners.SalesforceRunner" name="runScenario" time="10.470"/>
  <system-out/>
  <testcase classname="com.CucumberTest.runners.SalesforceRunner" name="runScenario" time="14.833"/>
  <system-out/>
  <testcase classname="com.CucumberTest.runners.SalesforceRunner" name="runScenario" time="11.474"/>
  <system-out/>
  <testcase classname="com.CucumberTest.runners.SalesforceRunner" name="runScenario" time="19.299"/>
  <system-out/>
  <testcase classname="com.CucumberTest.runners.SalesforceRunner" name="runScenario" time="9.846"/>
  <system-out/>
  <testcase classname="com.CucumberTest.runners.SalesforceRunner" name="runScenario" time="17.420"/>
  <system-out/>
</testsuite> <!-- com.CucumberTest.runners.SalesforceRunner -->
