<?xml version="1.0" encoding="UTF-8"?>
<!-- Generated by org.testng.reporters.JUnitReportReporter -->
<testsuite hostname="SARAS-CNB01" failures="0" tests="6" name="com.CucumberTest.runners.SalesforceRunner" time="104.208" errors="0" timestamp="2023-06-17T11:51:56 PDT" skipped="0">
  <testcase classname="com.CucumberTest.runners.SalesforceRunner" name="runScenario" time="15.451"/>
  <system-out/>
  <testcase classname="com.CucumberTest.runners.SalesforceRunner" name="runScenario" time="11.618"/>
  <system-out/>
  <testcase classname="com.CucumberTest.runners.SalesforceRunner" name="runScenario" time="10.521"/>
  <system-out/>
  <testcase classname="com.CucumberTest.runners.SalesforceRunner" name="runScenario" time="40.028"/>
  <system-out/>
  <testcase classname="com.CucumberTest.runners.SalesforceRunner" name="runScenario" time="17.416"/>
  <system-out/>
  <testcase classname="com.CucumberTest.runners.SalesforceRunner" name="runScenario" time="9.174"/>
  <system-out/>
</testsuite> <!-- com.CucumberTest.runners.SalesforceRunner -->
