<?xml version="1.0" encoding="UTF-8"?>
<!-- Generated by org.testng.reporters.JUnitReportReporter -->
<testsuite hostname="SARAS-CNB01" failures="0" tests="6" name="com.CucumberTest.runners.SalesforceRunner" time="89.043" errors="0" timestamp="2023-06-17T11:56:11 PDT" skipped="0">
  <testcase classname="com.CucumberTest.runners.SalesforceRunner" name="runScenario" time="19.088"/>
  <system-out/>
  <testcase classname="com.CucumberTest.runners.SalesforceRunner" name="runScenario" time="15.559"/>
  <system-out/>
  <testcase classname="com.CucumberTest.runners.SalesforceRunner" name="runScenario" time="12.028"/>
  <system-out/>
  <testcase classname="com.CucumberTest.runners.SalesforceRunner" name="runScenario" time="10.946"/>
  <system-out/>
  <testcase classname="com.CucumberTest.runners.SalesforceRunner" name="runScenario" time="12.836"/>
  <system-out/>
  <testcase classname="com.CucumberTest.runners.SalesforceRunner" name="runScenario" time="18.586"/>
  <system-out/>
</testsuite> <!-- com.CucumberTest.runners.SalesforceRunner -->
